{
  "stats": {
    "suites": 1,
    "tests": 2,
    "passes": 2,
    "pending": 0,
    "failures": 0,
    "start": "2025-01-29T15:15:51.339Z",
    "end": "2025-01-29T15:15:54.803Z",
    "duration": 3464,
    "testsRegistered": 2,
    "passPercent": 100,
    "pendingPercent": 0,
    "other": 0,
    "hasOther": false,
    "skipped": 0,
    "hasSkipped": false
  },
  "results": [
    {
      "uuid": "0a14d420-fae2-46da-92e0-96d885c00e11",
      "title": "",
      "fullFile": "cypress\\e2e\\sauceDemoTest\\loginTests.cy.js",
      "file": "cypress\\e2e\\sauceDemoTest\\loginTests.cy.js",
      "beforeHooks": [],
      "afterHooks": [],
      "tests": [],
      "suites": [
        {
          "uuid": "65be315b-5352-4bae-8961-ece3ece3aa17",
          "title": "tests for login page",
          "fullFile": "",
          "file": "",
          "beforeHooks": [],
          "afterHooks": [],
          "tests": [
            {
              "title": "logs in with bad credentials, validates error message",
              "fullTitle": "tests for login page logs in with bad credentials, validates error message",
              "timedOut": null,
              "duration": 2507,
              "state": "passed",
              "speed": "fast",
              "pass": true,
              "fail": false,
              "pending": false,
              "context": null,
              "code": "loginPage.enterUsername('standard_user');\nloginPage.enterPassword('secret_sauce_wrong');\nloginPage.clickLoginButton();\nloginPage.loginPageElements.errorMessage().should('be.visible');\nloginPage.clearUsername();\nloginPage.clearPassword();",
              "err": {},
              "uuid": "5703302e-3ae1-42c6-84b9-414b3f29b8d8",
              "parentUUID": "65be315b-5352-4bae-8961-ece3ece3aa17",
              "isHook": false,
              "skipped": false
            },
            {
              "title": "logs in with correct credentials",
              "fullTitle": "tests for login page logs in with correct credentials",
              "timedOut": null,
              "duration": 894,
              "state": "passed",
              "speed": "fast",
              "pass": true,
              "fail": false,
              "pending": false,
              "context": null,
              "code": "loginPage.enterUsername('standard_user');\nloginPage.enterPassword('secret_sauce');\nloginPage.clickLoginButton();\nproductsPage.cartButtonExists();",
              "err": {},
              "uuid": "efdcb666-5bcc-43b8-a393-6e19f38d2a67",
              "parentUUID": "65be315b-5352-4bae-8961-ece3ece3aa17",
              "isHook": false,
              "skipped": false
            }
          ],
          "suites": [],
          "passes": [
            "5703302e-3ae1-42c6-84b9-414b3f29b8d8",
            "efdcb666-5bcc-43b8-a393-6e19f38d2a67"
          ],
          "failures": [],
          "pending": [],
          "skipped": [],
          "duration": 3401,
          "root": false,
          "rootEmpty": false,
          "_timeout": 2000
        }
      ],
      "passes": [],
      "failures": [],
      "pending": [],
      "skipped": [],
      "duration": 0,
      "root": true,
      "rootEmpty": true,
      "_timeout": 2000
    }
  ],
  "meta": {
    "mocha": {
      "version": "7.0.1"
    },
    "mochawesome": {
      "options": {
        "quiet": false,
        "reportFilename": "report-[name]-[datetime]",
        "saveHtml": true,
        "saveJson": true,
        "consoleReporter": "spec",
        "useInlineDiffs": false,
        "code": true
      },
      "version": "7.1.3"
    },
    "marge": {
      "options": {
        "reportDir": "cypress/reports",
        "overwrite": true,
        "html": true,
        "json": true,
        "reportFilename": "report-[name]-[datetime]",
        "timestamp": "ddmmyyyy_HHMMss",
        "charts": true,
        "embeddedScreenshots": true
      },
      "version": "6.2.0"
    }
  }
}