{
  "stats": {
    "suites": 1,
    "tests": 1,
    "passes": 1,
    "pending": 0,
    "failures": 0,
    "start": "2025-01-29T15:15:55.701Z",
    "end": "2025-01-29T15:15:56.800Z",
    "duration": 1099,
    "testsRegistered": 1,
    "passPercent": 100,
    "pendingPercent": 0,
    "other": 0,
    "hasOther": false,
    "skipped": 0,
    "hasSkipped": false
  },
  "results": [
    {
      "uuid": "3dee770b-4a52-446f-93f8-d65c339a1453",
      "title": "",
      "fullFile": "cypress\\e2e\\sauceDemoTest\\productsTests.cy.js",
      "file": "cypress\\e2e\\sauceDemoTest\\productsTests.cy.js",
      "beforeHooks": [],
      "afterHooks": [],
      "tests": [],
      "suites": [
        {
          "uuid": "15ba3fc4-3f1b-4e22-883f-f7446e40ecd6",
          "title": "tests for products page",
          "fullFile": "",
          "file": "",
          "beforeHooks": [],
          "afterHooks": [],
          "tests": [
            {
              "title": "logs in, then adds item to cart",
              "fullTitle": "tests for products page logs in, then adds item to cart",
              "timedOut": null,
              "duration": 1061,
              "state": "passed",
              "speed": "fast",
              "pass": true,
              "fail": false,
              "pending": false,
              "context": null,
              "code": "// loginPage.enterUsername('standard_user');\n// loginPage.enterPassword('secret_sauce');\n// loginPage.clickLoginButton();\ncy.loginToSauceDemo('standard_user', 'secret_sauce');\nproductsPage.cartButtonExists();\nproductsPage.addBackpackToCart();\nproductsPage.verifyRemoveButton();\nproductsPage.productPageElements.cartBadgeNumber().should('have.text', '1');",
              "err": {},
              "uuid": "a2f78f6c-9294-421d-9bac-0b05000e736d",
              "parentUUID": "15ba3fc4-3f1b-4e22-883f-f7446e40ecd6",
              "isHook": false,
              "skipped": false
            }
          ],
          "suites": [],
          "passes": [
            "a2f78f6c-9294-421d-9bac-0b05000e736d"
          ],
          "failures": [],
          "pending": [],
          "skipped": [],
          "duration": 1061,
          "root": false,
          "rootEmpty": false,
          "_timeout": 2000
        }
      ],
      "passes": [],
      "failures": [],
      "pending": [],
      "skipped": [],
      "duration": 0,
      "root": true,
      "rootEmpty": true,
      "_timeout": 2000
    }
  ],
  "meta": {
    "mocha": {
      "version": "7.0.1"
    },
    "mochawesome": {
      "options": {
        "quiet": false,
        "reportFilename": "report-[name]-[datetime]",
        "saveHtml": true,
        "saveJson": true,
        "consoleReporter": "spec",
        "useInlineDiffs": false,
        "code": true
      },
      "version": "7.1.3"
    },
    "marge": {
      "options": {
        "reportDir": "cypress/reports",
        "overwrite": true,
        "html": true,
        "json": true,
        "reportFilename": "report-[name]-[datetime]",
        "timestamp": "ddmmyyyy_HHMMss",
        "charts": true,
        "embeddedScreenshots": true
      },
      "version": "6.2.0"
    }
  }
}